<?xml version="1.0" encoding="UTF-8"?>
<testsuites>
  <testsuite name="D:\svr studio\developpement\Laravel\laravel-blog-app\phpunit.xml" tests="15" assertions="40" errors="0" failures="0" skipped="0" time="1.395720">
    <testsuite name="Unit" tests="1" assertions="1" errors="0" failures="0" skipped="0" time="0.011682">
      <testsuite name="Tests\Unit\ExampleTest" file="D:\svr studio\developpement\Laravel\laravel-blog-app\tests\Unit\ExampleTest.php" tests="1" assertions="1" errors="0" failures="0" skipped="0" time="0.011682">
        <testcase name="test_that_true_is_true" file="D:\svr studio\developpement\Laravel\laravel-blog-app\tests\Unit\ExampleTest.php" line="12" class="Tests\Unit\ExampleTest" classname="Tests.Unit.ExampleTest" assertions="1" time="0.011682"/>
      </testsuite>
    </testsuite>
    <testsuite name="Feature" tests="14" assertions="39" errors="0" failures="0" skipped="0" time="1.384038">
      <testsuite name="Tests\Feature\AuthControllerTest" file="D:\svr studio\developpement\Laravel\laravel-blog-app\tests\Feature\AuthControllerTest.php" tests="3" assertions="14" errors="0" failures="0" skipped="0" time="0.909251">
        <testcase name="test_user_can_register" file="D:\svr studio\developpement\Laravel\laravel-blog-app\tests\Feature\AuthControllerTest.php" line="16" class="Tests\Feature\AuthControllerTest" classname="Tests.Feature.AuthControllerTest" assertions="6" time="0.778665"/>
        <testcase name="test_user_can_login" file="D:\svr studio\developpement\Laravel\laravel-blog-app\tests\Feature\AuthControllerTest.php" line="35" class="Tests\Feature\AuthControllerTest" classname="Tests.Feature.AuthControllerTest" assertions="6" time="0.086867"/>
        <testcase name="test_user_can_logout" file="D:\svr studio\developpement\Laravel\laravel-blog-app\tests\Feature\AuthControllerTest.php" line="56" class="Tests\Feature\AuthControllerTest" classname="Tests.Feature.AuthControllerTest" assertions="2" time="0.043719"/>
      </testsuite>
      <testsuite name="Tests\Feature\CommentControllerTest" file="D:\svr studio\developpement\Laravel\laravel-blog-app\tests\Feature\CommentControllerTest.php" tests="3" assertions="6" errors="0" failures="0" skipped="0" time="0.118802">
        <testcase name="test_user_can_create_comment" file="D:\svr studio\developpement\Laravel\laravel-blog-app\tests\Feature\CommentControllerTest.php" line="16" class="Tests\Feature\CommentControllerTest" classname="Tests.Feature.CommentControllerTest" assertions="2" time="0.038782"/>
        <testcase name="test_user_cannot_create_comment_on_nonexistent_post" file="D:\svr studio\developpement\Laravel\laravel-blog-app\tests\Feature\CommentControllerTest.php" line="36" class="Tests\Feature\CommentControllerTest" classname="Tests.Feature.CommentControllerTest" assertions="2" time="0.027012"/>
        <testcase name="test_user_can_update_comment" file="D:\svr studio\developpement\Laravel\laravel-blog-app\tests\Feature\CommentControllerTest.php" line="54" class="Tests\Feature\CommentControllerTest" classname="Tests.Feature.CommentControllerTest" assertions="2" time="0.053008"/>
      </testsuite>
      <testsuite name="Tests\Feature\ExampleTest" file="D:\svr studio\developpement\Laravel\laravel-blog-app\tests\Feature\ExampleTest.php" tests="1" assertions="1" errors="0" failures="0" skipped="0" time="0.053256">
        <testcase name="test_the_application_returns_a_successful_response" file="D:\svr studio\developpement\Laravel\laravel-blog-app\tests\Feature\ExampleTest.php" line="13" class="Tests\Feature\ExampleTest" classname="Tests.Feature.ExampleTest" assertions="1" time="0.053256"/>
      </testsuite>
      <testsuite name="Tests\Feature\LikeControllerTest" file="D:\svr studio\developpement\Laravel\laravel-blog-app\tests\Feature\LikeControllerTest.php" tests="4" assertions="12" errors="0" failures="0" skipped="0" time="0.188601">
        <testcase name="user_can_like_a_post" file="D:\svr studio\developpement\Laravel\laravel-blog-app\tests\Feature\LikeControllerTest.php" line="14" class="Tests\Feature\LikeControllerTest" classname="Tests.Feature.LikeControllerTest" assertions="3" time="0.051161"/>
        <testcase name="user_can_unlike_a_post" file="D:\svr studio\developpement\Laravel\laravel-blog-app\tests\Feature\LikeControllerTest.php" line="36" class="Tests\Feature\LikeControllerTest" classname="Tests.Feature.LikeControllerTest" assertions="3" time="0.039611"/>
        <testcase name="user_cannot_like_a_non_existent_post" file="D:\svr studio\developpement\Laravel\laravel-blog-app\tests\Feature\LikeControllerTest.php" line="63" class="Tests\Feature\LikeControllerTest" classname="Tests.Feature.LikeControllerTest" assertions="2" time="0.049037"/>
        <testcase name="user_must_be_authenticated_to_like_or_unlike_a_post" file="D:\svr studio\developpement\Laravel\laravel-blog-app\tests\Feature\LikeControllerTest.php" line="78" class="Tests\Feature\LikeControllerTest" classname="Tests.Feature.LikeControllerTest" assertions="4" time="0.048791"/>
      </testsuite>
      <testsuite name="Tests\Feature\PostControllerTest" file="D:\svr studio\developpement\Laravel\laravel-blog-app\tests\Feature\PostControllerTest.php" tests="3" assertions="6" errors="0" failures="0" skipped="0" time="0.114128">
        <testcase name="test_user_can_create_post" file="D:\svr studio\developpement\Laravel\laravel-blog-app\tests\Feature\PostControllerTest.php" line="15" class="Tests\Feature\PostControllerTest" classname="Tests.Feature.PostControllerTest" assertions="2" time="0.052829"/>
        <testcase name="test_user_can_update_post" file="D:\svr studio\developpement\Laravel\laravel-blog-app\tests\Feature\PostControllerTest.php" line="33" class="Tests\Feature\PostControllerTest" classname="Tests.Feature.PostControllerTest" assertions="2" time="0.032896"/>
        <testcase name="test_user_can_delete_post" file="D:\svr studio\developpement\Laravel\laravel-blog-app\tests\Feature\PostControllerTest.php" line="53" class="Tests\Feature\PostControllerTest" classname="Tests.Feature.PostControllerTest" assertions="2" time="0.028404"/>
      </testsuite>
    </testsuite>
  </testsuite>
</testsuites>
