<?xml version="1.0" encoding="UTF-8"?>
<testsuites>
  <testsuite name="/var/lib/jenkins/workspace/BlogAppBackend CICD/phpunit.xml" tests="15" assertions="40" errors="0" failures="0" skipped="0" time="2.294161">
    <testsuite name="Unit" tests="1" assertions="1" errors="0" failures="0" skipped="0" time="0.007608">
      <testsuite name="Tests\Unit\ExampleTest" file="/var/lib/jenkins/workspace/BlogAppBackend CICD/tests/Unit/ExampleTest.php" tests="1" assertions="1" errors="0" failures="0" skipped="0" time="0.007608">
        <testcase name="test_that_true_is_true" file="/var/lib/jenkins/workspace/BlogAppBackend CICD/tests/Unit/ExampleTest.php" line="12" class="Tests\Unit\ExampleTest" classname="Tests.Unit.ExampleTest" assertions="1" time="0.007608"/>
      </testsuite>
    </testsuite>
    <testsuite name="Feature" tests="14" assertions="39" errors="0" failures="0" skipped="0" time="2.286552">
      <testsuite name="Tests\Feature\AuthControllerTest" file="/var/lib/jenkins/workspace/BlogAppBackend CICD/tests/Feature/AuthControllerTest.php" tests="3" assertions="14" errors="0" failures="0" skipped="0" time="1.617926">
        <testcase name="test_user_can_register" file="/var/lib/jenkins/workspace/BlogAppBackend CICD/tests/Feature/AuthControllerTest.php" line="16" class="Tests\Feature\AuthControllerTest" classname="Tests.Feature.AuthControllerTest" assertions="6" time="1.479372"/>
        <testcase name="test_user_can_login" file="/var/lib/jenkins/workspace/BlogAppBackend CICD/tests/Feature/AuthControllerTest.php" line="35" class="Tests\Feature\AuthControllerTest" classname="Tests.Feature.AuthControllerTest" assertions="6" time="0.087290"/>
        <testcase name="test_user_can_logout" file="/var/lib/jenkins/workspace/BlogAppBackend CICD/tests/Feature/AuthControllerTest.php" line="56" class="Tests\Feature\AuthControllerTest" classname="Tests.Feature.AuthControllerTest" assertions="2" time="0.051263"/>
      </testsuite>
      <testsuite name="Tests\Feature\CommentControllerTest" file="/var/lib/jenkins/workspace/BlogAppBackend CICD/tests/Feature/CommentControllerTest.php" tests="3" assertions="6" errors="0" failures="0" skipped="0" time="0.189812">
        <testcase name="test_user_can_create_comment" file="/var/lib/jenkins/workspace/BlogAppBackend CICD/tests/Feature/CommentControllerTest.php" line="16" class="Tests\Feature\CommentControllerTest" classname="Tests.Feature.CommentControllerTest" assertions="2" time="0.074495"/>
        <testcase name="test_user_cannot_create_comment_on_nonexistent_post" file="/var/lib/jenkins/workspace/BlogAppBackend CICD/tests/Feature/CommentControllerTest.php" line="36" class="Tests\Feature\CommentControllerTest" classname="Tests.Feature.CommentControllerTest" assertions="2" time="0.039730"/>
        <testcase name="test_user_can_update_comment" file="/var/lib/jenkins/workspace/BlogAppBackend CICD/tests/Feature/CommentControllerTest.php" line="54" class="Tests\Feature\CommentControllerTest" classname="Tests.Feature.CommentControllerTest" assertions="2" time="0.075587"/>
      </testsuite>
      <testsuite name="Tests\Feature\ExampleTest" file="/var/lib/jenkins/workspace/BlogAppBackend CICD/tests/Feature/ExampleTest.php" tests="1" assertions="1" errors="0" failures="0" skipped="0" time="0.051862">
        <testcase name="test_the_application_returns_a_successful_response" file="/var/lib/jenkins/workspace/BlogAppBackend CICD/tests/Feature/ExampleTest.php" line="13" class="Tests\Feature\ExampleTest" classname="Tests.Feature.ExampleTest" assertions="1" time="0.051862"/>
      </testsuite>
      <testsuite name="Tests\Feature\LikeControllerTest" file="/var/lib/jenkins/workspace/BlogAppBackend CICD/tests/Feature/LikeControllerTest.php" tests="4" assertions="12" errors="0" failures="0" skipped="0" time="0.252474">
        <testcase name="user_can_like_a_post" file="/var/lib/jenkins/workspace/BlogAppBackend CICD/tests/Feature/LikeControllerTest.php" line="14" class="Tests\Feature\LikeControllerTest" classname="Tests.Feature.LikeControllerTest" assertions="3" time="0.087503"/>
        <testcase name="user_can_unlike_a_post" file="/var/lib/jenkins/workspace/BlogAppBackend CICD/tests/Feature/LikeControllerTest.php" line="36" class="Tests\Feature\LikeControllerTest" classname="Tests.Feature.LikeControllerTest" assertions="3" time="0.063754"/>
        <testcase name="user_cannot_like_a_non_existent_post" file="/var/lib/jenkins/workspace/BlogAppBackend CICD/tests/Feature/LikeControllerTest.php" line="63" class="Tests\Feature\LikeControllerTest" classname="Tests.Feature.LikeControllerTest" assertions="2" time="0.048083"/>
        <testcase name="user_must_be_authenticated_to_like_or_unlike_a_post" file="/var/lib/jenkins/workspace/BlogAppBackend CICD/tests/Feature/LikeControllerTest.php" line="78" class="Tests\Feature\LikeControllerTest" classname="Tests.Feature.LikeControllerTest" assertions="4" time="0.053134"/>
      </testsuite>
      <testsuite name="Tests\Feature\PostControllerTest" file="/var/lib/jenkins/workspace/BlogAppBackend CICD/tests/Feature/PostControllerTest.php" tests="3" assertions="6" errors="0" failures="0" skipped="0" time="0.174478">
        <testcase name="test_user_can_create_post" file="/var/lib/jenkins/workspace/BlogAppBackend CICD/tests/Feature/PostControllerTest.php" line="15" class="Tests\Feature\PostControllerTest" classname="Tests.Feature.PostControllerTest" assertions="2" time="0.062201"/>
        <testcase name="test_user_can_update_post" file="/var/lib/jenkins/workspace/BlogAppBackend CICD/tests/Feature/PostControllerTest.php" line="33" class="Tests\Feature\PostControllerTest" classname="Tests.Feature.PostControllerTest" assertions="2" time="0.051937"/>
        <testcase name="test_user_can_delete_post" file="/var/lib/jenkins/workspace/BlogAppBackend CICD/tests/Feature/PostControllerTest.php" line="53" class="Tests\Feature\PostControllerTest" classname="Tests.Feature.PostControllerTest" assertions="2" time="0.060339"/>
      </testsuite>
    </testsuite>
  </testsuite>
</testsuites>
