<?xml version="1.0" encoding="UTF-8"?>
<testsuites>
  <testsuite name="/var/lib/jenkins/workspace/BlogAppBackend CICD/phpunit.xml" tests="15" assertions="40" errors="0" failures="0" skipped="0" time="2.372877">
    <testsuite name="Unit" tests="1" assertions="1" errors="0" failures="0" skipped="0" time="0.006548">
      <testsuite name="Tests\Unit\ExampleTest" file="/var/lib/jenkins/workspace/BlogAppBackend CICD/tests/Unit/ExampleTest.php" tests="1" assertions="1" errors="0" failures="0" skipped="0" time="0.006548">
        <testcase name="test_that_true_is_true" file="/var/lib/jenkins/workspace/BlogAppBackend CICD/tests/Unit/ExampleTest.php" line="12" class="Tests\Unit\ExampleTest" classname="Tests.Unit.ExampleTest" assertions="1" time="0.006548"/>
      </testsuite>
    </testsuite>
    <testsuite name="Feature" tests="14" assertions="39" errors="0" failures="0" skipped="0" time="2.366329">
      <testsuite name="Tests\Feature\AuthControllerTest" file="/var/lib/jenkins/workspace/BlogAppBackend CICD/tests/Feature/AuthControllerTest.php" tests="3" assertions="14" errors="0" failures="0" skipped="0" time="1.726670">
        <testcase name="test_user_can_register" file="/var/lib/jenkins/workspace/BlogAppBackend CICD/tests/Feature/AuthControllerTest.php" line="16" class="Tests\Feature\AuthControllerTest" classname="Tests.Feature.AuthControllerTest" assertions="6" time="1.597130"/>
        <testcase name="test_user_can_login" file="/var/lib/jenkins/workspace/BlogAppBackend CICD/tests/Feature/AuthControllerTest.php" line="35" class="Tests\Feature\AuthControllerTest" classname="Tests.Feature.AuthControllerTest" assertions="6" time="0.082123"/>
        <testcase name="test_user_can_logout" file="/var/lib/jenkins/workspace/BlogAppBackend CICD/tests/Feature/AuthControllerTest.php" line="56" class="Tests\Feature\AuthControllerTest" classname="Tests.Feature.AuthControllerTest" assertions="2" time="0.047416"/>
      </testsuite>
      <testsuite name="Tests\Feature\CommentControllerTest" file="/var/lib/jenkins/workspace/BlogAppBackend CICD/tests/Feature/CommentControllerTest.php" tests="3" assertions="6" errors="0" failures="0" skipped="0" time="0.183472">
        <testcase name="test_user_can_create_comment" file="/var/lib/jenkins/workspace/BlogAppBackend CICD/tests/Feature/CommentControllerTest.php" line="16" class="Tests\Feature\CommentControllerTest" classname="Tests.Feature.CommentControllerTest" assertions="2" time="0.075480"/>
        <testcase name="test_user_cannot_create_comment_on_nonexistent_post" file="/var/lib/jenkins/workspace/BlogAppBackend CICD/tests/Feature/CommentControllerTest.php" line="36" class="Tests\Feature\CommentControllerTest" classname="Tests.Feature.CommentControllerTest" assertions="2" time="0.049772"/>
        <testcase name="test_user_can_update_comment" file="/var/lib/jenkins/workspace/BlogAppBackend CICD/tests/Feature/CommentControllerTest.php" line="54" class="Tests\Feature\CommentControllerTest" classname="Tests.Feature.CommentControllerTest" assertions="2" time="0.058219"/>
      </testsuite>
      <testsuite name="Tests\Feature\ExampleTest" file="/var/lib/jenkins/workspace/BlogAppBackend CICD/tests/Feature/ExampleTest.php" tests="1" assertions="1" errors="0" failures="0" skipped="0" time="0.047692">
        <testcase name="test_the_application_returns_a_successful_response" file="/var/lib/jenkins/workspace/BlogAppBackend CICD/tests/Feature/ExampleTest.php" line="13" class="Tests\Feature\ExampleTest" classname="Tests.Feature.ExampleTest" assertions="1" time="0.047692"/>
      </testsuite>
      <testsuite name="Tests\Feature\LikeControllerTest" file="/var/lib/jenkins/workspace/BlogAppBackend CICD/tests/Feature/LikeControllerTest.php" tests="4" assertions="12" errors="0" failures="0" skipped="0" time="0.230319">
        <testcase name="user_can_like_a_post" file="/var/lib/jenkins/workspace/BlogAppBackend CICD/tests/Feature/LikeControllerTest.php" line="14" class="Tests\Feature\LikeControllerTest" classname="Tests.Feature.LikeControllerTest" assertions="3" time="0.066348"/>
        <testcase name="user_can_unlike_a_post" file="/var/lib/jenkins/workspace/BlogAppBackend CICD/tests/Feature/LikeControllerTest.php" line="36" class="Tests\Feature\LikeControllerTest" classname="Tests.Feature.LikeControllerTest" assertions="3" time="0.063152"/>
        <testcase name="user_cannot_like_a_non_existent_post" file="/var/lib/jenkins/workspace/BlogAppBackend CICD/tests/Feature/LikeControllerTest.php" line="63" class="Tests\Feature\LikeControllerTest" classname="Tests.Feature.LikeControllerTest" assertions="2" time="0.049227"/>
        <testcase name="user_must_be_authenticated_to_like_or_unlike_a_post" file="/var/lib/jenkins/workspace/BlogAppBackend CICD/tests/Feature/LikeControllerTest.php" line="78" class="Tests\Feature\LikeControllerTest" classname="Tests.Feature.LikeControllerTest" assertions="4" time="0.051592"/>
      </testsuite>
      <testsuite name="Tests\Feature\PostControllerTest" file="/var/lib/jenkins/workspace/BlogAppBackend CICD/tests/Feature/PostControllerTest.php" tests="3" assertions="6" errors="0" failures="0" skipped="0" time="0.178176">
        <testcase name="test_user_can_create_post" file="/var/lib/jenkins/workspace/BlogAppBackend CICD/tests/Feature/PostControllerTest.php" line="15" class="Tests\Feature\PostControllerTest" classname="Tests.Feature.PostControllerTest" assertions="2" time="0.060755"/>
        <testcase name="test_user_can_update_post" file="/var/lib/jenkins/workspace/BlogAppBackend CICD/tests/Feature/PostControllerTest.php" line="33" class="Tests\Feature\PostControllerTest" classname="Tests.Feature.PostControllerTest" assertions="2" time="0.057714"/>
        <testcase name="test_user_can_delete_post" file="/var/lib/jenkins/workspace/BlogAppBackend CICD/tests/Feature/PostControllerTest.php" line="53" class="Tests\Feature\PostControllerTest" classname="Tests.Feature.PostControllerTest" assertions="2" time="0.059707"/>
      </testsuite>
    </testsuite>
  </testsuite>
</testsuites>
